# JRE version: OpenJDK Runtime Environment (8.0_152-b02) (build 1.8.0_152-release-1024-b02)
# Java VM: OpenJDK 64-Bit Server VM (25.152-b02 mixed mode windows-amd64 compressed oops)
Heap:
 PSYoungGen      total 207872K, used 80747K [0x00000000e0000000, 0x00000000ef400000, 0x0000000100000000)
  eden space 187392K, 37% used [0x00000000e0000000,0x00000000e4582f78,0x00000000eb700000)
  from space 20480K, 46% used [0x00000000eb700000,0x00000000ec058040,0x00000000ecb00000)
  to   space 19456K, 0% used [0x00000000ee100000,0x00000000ee100000,0x00000000ef400000)
 ParOldGen       total 148992K, used 60725K [0x00000000a0000000, 0x00000000a9180000, 0x00000000e0000000)
  object space 148992K, 40% used [0x00000000a0000000,0x00000000a3b4d4d8,0x00000000a9180000)
 Metaspace       used 76412K, capacity 79883K, committed 79960K, reserved 1118208K
  class space    used 9758K, capacity 10581K, committed 10624K, reserved 1048576K
GC Heap History (10 events):
Event: 277.381 GC heap before
{Heap before GC invocations=22 (full 3):
 PSYoungGen      total 161280K, used 151448K [0x00000000e0000000, 0x00000000eb300000, 0x0000000100000000)
  eden space 145408K, 100% used [0x00000000e0000000,0x00000000e8e00000,0x00000000e8e00000)
  from space 15872K, 38% used [0x00000000ea380000,0x00000000ea9661f0,0x00000000eb300000)
  to   space 18944K, 0% used [0x00000000e8e00000,0x00000000e8e00000,0x00000000ea080000)
 ParOldGen       total 148992K, used 54886K [0x00000000a0000000, 0x00000000a9180000, 0x00000000e0000000)
  object space 148992K, 36% used [0x00000000a0000000,0x00000000a3599bf8,0x00000000a9180000)
 Metaspace       used 70346K, capacity 73115K, committed 73176K, reserved 1112064K
  class space    used 9046K, capacity 9708K, committed 9728K, reserved 1048576K
Event: 277.742 GC heap after
Heap after GC invocations=22 (full 3):
 PSYoungGen      total 164352K, used 18925K [0x00000000e0000000, 0x00000000ed080000, 0x0000000100000000)
  eden space 145408K, 0% used [0x00000000e0000000,0x00000000e0000000,0x00000000e8e00000)
  from space 18944K, 99% used [0x00000000e8e00000,0x00000000ea07b6a8,0x00000000ea080000)
  to   space 23040K, 0% used [0x00000000eba00000,0x00000000eba00000,0x00000000ed080000)
 ParOldGen       total 148992K, used 57892K [0x00000000a0000000, 0x00000000a9180000, 0x00000000e0000000)
  object space 148992K, 38% used [0x00000000a0000000,0x00000000a3889328,0x00000000a9180000)
 Metaspace       used 70346K, capacity 73115K, committed 73176K, reserved 1112064K
  class space    used 9046K, capacity 9708K, committed 9728K, reserved 1048576K
}
Event: 321.180 GC heap before
{Heap before GC invocations=23 (full 3):
 PSYoungGen      total 164352K, used 164333K [0x00000000e0000000, 0x00000000ed080000, 0x0000000100000000)
  eden space 145408K, 100% used [0x00000000e0000000,0x00000000e8e00000,0x00000000e8e00000)
  from space 18944K, 99% used [0x00000000e8e00000,0x00000000ea07b6a8,0x00000000ea080000)
  to   space 23040K, 0% used [0x00000000eba00000,0x00000000eba00000,0x00000000ed080000)
 ParOldGen       total 148992K, used 57892K [0x00000000a0000000, 0x00000000a9180000, 0x00000000e0000000)
  object space 148992K, 38% used [0x00000000a0000000,0x00000000a3889328,0x00000000a9180000)
 Metaspace       used 71109K, capacity 74237K, committed 74456K, reserved 1114112K
  class space    used 9114K, capacity 9866K, committed 9984K, reserved 1048576K
Event: 321.645 GC heap after
Heap after GC invocations=23 (full 3):
 PSYoungGen      total 187392K, used 8720K [0x00000000e0000000, 0x00000000ece00000, 0x0000000100000000)
  eden space 166912K, 0% used [0x00000000e0000000,0x00000000e0000000,0x00000000ea300000)
  from space 20480K, 42% used [0x00000000eba00000,0x00000000ec284060,0x00000000ece00000)
  to   space 22016K, 0% used [0x00000000ea300000,0x00000000ea300000,0x00000000eb880000)
 ParOldGen       total 148992K, used 60709K [0x00000000a0000000, 0x00000000a9180000, 0x00000000e0000000)
  object space 148992K, 40% used [0x00000000a0000000,0x00000000a3b494d8,0x00000000a9180000)
 Metaspace       used 71109K, capacity 74237K, committed 74456K, reserved 1114112K
  class space    used 9114K, capacity 9866K, committed 9984K, reserved 1048576K
}
Event: 328.718 GC heap before
{Heap before GC invocations=24 (full 3):
 PSYoungGen      total 187392K, used 175632K [0x00000000e0000000, 0x00000000ece00000, 0x0000000100000000)
  eden space 166912K, 100% used [0x00000000e0000000,0x00000000ea300000,0x00000000ea300000)
  from space 20480K, 42% used [0x00000000eba00000,0x00000000ec284060,0x00000000ece00000)
  to   space 22016K, 0% used [0x00000000ea300000,0x00000000ea300000,0x00000000eb880000)
 ParOldGen       total 148992K, used 60709K [0x00000000a0000000, 0x00000000a9180000, 0x00000000e0000000)
  object space 148992K, 40% used [0x00000000a0000000,0x00000000a3b494d8,0x00000000a9180000)
 Metaspace       used 71238K, capacity 74439K, committed 74712K, reserved 1114112K
  class space    used 9115K, capacity 9867K, committed 9984K, reserved 1048576K
Event: 328.824 GC heap after
Heap after GC invocations=24 (full 3):
 PSYoungGen      total 188928K, used 11184K [0x00000000e0000000, 0x00000000ee480000, 0x0000000100000000)
  eden space 166912K, 0% used [0x00000000e0000000,0x00000000e0000000,0x00000000ea300000)
  from space 22016K, 50% used [0x00000000ea300000,0x00000000eadec0c0,0x00000000eb880000)
  to   space 20992K, 0% used [0x00000000ed000000,0x00000000ed000000,0x00000000ee480000)
 ParOldGen       total 148992K, used 60717K [0x00000000a0000000, 0x00000000a9180000, 0x00000000e0000000)
  object space 148992K, 40% used [0x00000000a0000000,0x00000000a3b4b4d8,0x00000000a9180000)
 Metaspace       used 71238K, capacity 74439K, committed 74712K, reserved 1114112K
  class space    used 9115K, capacity 9867K, committed 9984K, reserved 1048576K
}
Event: 807.834 GC heap before
{Heap before GC invocations=25 (full 3):
 PSYoungGen      total 188928K, used 178096K [0x00000000e0000000, 0x00000000ee480000, 0x0000000100000000)
  eden space 166912K, 100% used [0x00000000e0000000,0x00000000ea300000,0x00000000ea300000)
  from space 22016K, 50% used [0x00000000ea300000,0x00000000eadec0c0,0x00000000eb880000)
  to   space 20992K, 0% used [0x00000000ed000000,0x00000000ed000000,0x00000000ee480000)
 ParOldGen       total 148992K, used 60717K [0x00000000a0000000, 0x00000000a9180000, 0x00000000e0000000)
  object space 148992K, 40% used [0x00000000a0000000,0x00000000a3b4b4d8,0x00000000a9180000)
 Metaspace       used 72187K, capacity 75615K, committed 75864K, reserved 1116160K
  class space    used 9238K, capacity 10033K, committed 10112K, reserved 1048576K
Event: 807.854 GC heap after
Heap after GC invocations=25 (full 3):
 PSYoungGen      total 202752K, used 9040K [0x00000000e0000000, 0x00000000edf00000, 0x0000000100000000)
  eden space 187392K, 0% used [0x00000000e0000000,0x00000000e0000000,0x00000000eb700000)
  from space 15360K, 58% used [0x00000000ed000000,0x00000000ed8d4290,0x00000000edf00000)
  to   space 20480K, 0% used [0x00000000eb700000,0x00000000eb700000,0x00000000ecb00000)
 ParOldGen       total 148992K, used 60725K [0x00000000a0000000, 0x00000000a9180000, 0x00000000e0000000)
  object space 148992K, 40% used [0x00000000a0000000,0x00000000a3b4d4d8,0x00000000a9180000)
 Metaspace       used 72187K, capacity 75615K, committed 75864K, reserved 1116160K
  class space    used 9238K, capacity 10033K, committed 10112K, reserved 1048576K
}
Event: 810.496 GC heap before
{Heap before GC invocations=26 (full 3):
 PSYoungGen      total 202752K, used 196432K [0x00000000e0000000, 0x00000000edf00000, 0x0000000100000000)
  eden space 187392K, 100% used [0x00000000e0000000,0x00000000eb700000,0x00000000eb700000)
  from space 15360K, 58% used [0x00000000ed000000,0x00000000ed8d4290,0x00000000edf00000)
  to   space 20480K, 0% used [0x00000000eb700000,0x00000000eb700000,0x00000000ecb00000)
 ParOldGen       total 148992K, used 60725K [0x00000000a0000000, 0x00000000a9180000, 0x00000000e0000000)
  object space 148992K, 40% used [0x00000000a0000000,0x00000000a3b4d4d8,0x00000000a9180000)
 Metaspace       used 72192K, capacity 75615K, committed 75864K, reserved 1116160K
  class space    used 9239K, capacity 10033K, committed 10112K, reserved 1048576K
Event: 810.526 GC heap after
Heap after GC invocations=26 (full 3):
 PSYoungGen      total 207872K, used 9568K [0x00000000e0000000, 0x00000000ef400000, 0x0000000100000000)
  eden space 187392K, 0% used [0x00000000e0000000,0x00000000e0000000,0x00000000eb700000)
  from space 20480K, 46% used [0x00000000eb700000,0x00000000ec058040,0x00000000ecb00000)
  to   space 19456K, 0% used [0x00000000ee100000,0x00000000ee100000,0x00000000ef400000)
 ParOldGen       total 148992K, used 60725K [0x00000000a0000000, 0x00000000a9180000, 0x00000000e0000000)
  object space 148992K, 40% used [0x00000000a0000000,0x00000000a3b4d4d8,0x00000000a9180000)
 Metaspace       used 72192K, capacity 75615K, committed 75864K, reserved 1116160K
  class space    used 9239K, capacity 10033K, committed 10112K, reserved 1048576K
}

